<?xml version="1.0" encoding="UTF-8"?>
<testsuite xmlns:xsi="http://www.w3.org/2001/XMLSchema-instance" xsi:noNamespaceSchemaLocation="https://maven.apache.org/surefire/maven-surefire-plugin/xsd/surefire-test-report-3.0.xsd" version="3.0" name="TestSuite" time="3.651" tests="4" errors="0" skipped="0" failures="0">
  <properties>
    <property name="java.specification.version" value="17"/>
    <property name="sun.cpu.isalist" value="amd64"/>
    <property name="sun.jnu.encoding" value="Cp1252"/>
    <property name="java.class.path" value="C:\Users\LC651EY\OneDrive - EY\Documents\workspace\sampleProj\target\test-classes;C:\Users\LC651EY\OneDrive - EY\Documents\workspace\sampleProj\target\classes;C:\Users\LC651EY\.m2\repository\io\rest-assured\rest-assured\4.4.0\rest-assured-4.4.0.jar;C:\Users\LC651EY\.m2\repository\org\codehaus\groovy\groovy\3.0.8\groovy-3.0.8.jar;C:\Users\LC651EY\.m2\repository\org\codehaus\groovy\groovy-xml\3.0.8\groovy-xml-3.0.8.jar;C:\Users\LC651EY\.m2\repository\org\apache\httpcomponents\httpclient\4.5.13\httpclient-4.5.13.jar;C:\Users\LC651EY\.m2\repository\org\apache\httpcomponents\httpcore\4.4.13\httpcore-4.4.13.jar;C:\Users\LC651EY\.m2\repository\commons-logging\commons-logging\1.2\commons-logging-1.2.jar;C:\Users\LC651EY\.m2\repository\org\apache\httpcomponents\httpmime\4.5.13\httpmime-4.5.13.jar;C:\Users\LC651EY\.m2\repository\org\hamcrest\hamcrest\2.1\hamcrest-2.1.jar;C:\Users\LC651EY\.m2\repository\org\ccil\cowan\tagsoup\tagsoup\1.2.1\tagsoup-1.2.1.jar;C:\Users\LC651EY\.m2\repository\io\rest-assured\json-path\4.4.0\json-path-4.4.0.jar;C:\Users\LC651EY\.m2\repository\org\codehaus\groovy\groovy-json\3.0.8\groovy-json-3.0.8.jar;C:\Users\LC651EY\.m2\repository\io\rest-assured\rest-assured-common\4.4.0\rest-assured-common-4.4.0.jar;C:\Users\LC651EY\.m2\repository\io\rest-assured\xml-path\4.4.0\xml-path-4.4.0.jar;C:\Users\LC651EY\.m2\repository\org\apache\commons\commons-lang3\3.11\commons-lang3-3.11.jar;C:\Users\LC651EY\.m2\repository\jakarta\xml\bind\jakarta.xml.bind-api\2.3.3\jakarta.xml.bind-api-2.3.3.jar;C:\Users\LC651EY\.m2\repository\jakarta\activation\jakarta.activation-api\1.2.2\jakarta.activation-api-1.2.2.jar;C:\Users\LC651EY\.m2\repository\com\sun\xml\bind\jaxb-impl\2.3.3\jaxb-impl-2.3.3.jar;C:\Users\LC651EY\.m2\repository\org\testng\testng\7.6.1\testng-7.6.1.jar;C:\Users\LC651EY\.m2\repository\com\google\code\findbugs\jsr305\3.0.2\jsr305-3.0.2.jar;C:\Users\LC651EY\.m2\repository\org\slf4j\slf4j-api\1.7.36\slf4j-api-1.7.36.jar;C:\Users\LC651EY\.m2\repository\com\beust\jcommander\1.82\jcommander-1.82.jar;C:\Users\LC651EY\.m2\repository\org\webjars\jquery\3.6.0\jquery-3.6.0.jar;C:\Users\LC651EY\.m2\repository\org\apache\poi\poi-ooxml\5.2.2\poi-ooxml-5.2.2.jar;C:\Users\LC651EY\.m2\repository\org\apache\poi\poi-ooxml-lite\5.2.2\poi-ooxml-lite-5.2.2.jar;C:\Users\LC651EY\.m2\repository\org\apache\xmlbeans\xmlbeans\5.0.3\xmlbeans-5.0.3.jar;C:\Users\LC651EY\.m2\repository\org\apache\commons\commons-compress\1.21\commons-compress-1.21.jar;C:\Users\LC651EY\.m2\repository\commons-io\commons-io\2.11.0\commons-io-2.11.0.jar;C:\Users\LC651EY\.m2\repository\com\github\virtuald\curvesapi\1.07\curvesapi-1.07.jar;C:\Users\LC651EY\.m2\repository\org\apache\logging\log4j\log4j-api\2.17.2\log4j-api-2.17.2.jar;C:\Users\LC651EY\.m2\repository\org\apache\commons\commons-collections4\4.4\commons-collections4-4.4.jar;C:\Users\LC651EY\.m2\repository\org\apache\poi\poi\5.2.2\poi-5.2.2.jar;C:\Users\LC651EY\.m2\repository\commons-codec\commons-codec\1.15\commons-codec-1.15.jar;C:\Users\LC651EY\.m2\repository\org\apache\commons\commons-math3\3.6.1\commons-math3-3.6.1.jar;C:\Users\LC651EY\.m2\repository\com\zaxxer\SparseBitSet\1.2\SparseBitSet-1.2.jar;"/>
    <property name="java.vm.vendor" value="Eclipse Adoptium"/>
    <property name="sun.arch.data.model" value="64"/>
    <property name="user.variant" value=""/>
    <property name="java.vendor.url" value="https://adoptium.net/"/>
    <property name="user.timezone" value="Asia/Calcutta"/>
    <property name="os.name" value="Windows 10"/>
    <property name="java.vm.specification.version" value="17"/>
    <property name="sun.java.launcher" value="SUN_STANDARD"/>
    <property name="user.country" value="IN"/>
    <property name="sun.boot.library.path" value="C:\Program Files\eclipse\plugins\org.eclipse.justj.openjdk.hotspot.jre.full.win32.x86_64_17.0.3.v20220515-1416\jre\bin"/>
    <property name="sun.java.command" value="C:\Users\LC651EY\AppData\Local\Temp\surefire2992708356629752154\surefirebooter-20220826105601882_3.jar C:\Users\LC651EY\AppData\Local\Temp\surefire2992708356629752154 2022-08-26T10-55-49_960-jvmRun1 surefire-20220826105601882_1tmp surefire_0-20220826105601882_2tmp"/>
    <property name="jdk.debug" value="release"/>
    <property name="surefire.test.class.path" value="C:\Users\LC651EY\OneDrive - EY\Documents\workspace\sampleProj\target\test-classes;C:\Users\LC651EY\OneDrive - EY\Documents\workspace\sampleProj\target\classes;C:\Users\LC651EY\.m2\repository\io\rest-assured\rest-assured\4.4.0\rest-assured-4.4.0.jar;C:\Users\LC651EY\.m2\repository\org\codehaus\groovy\groovy\3.0.8\groovy-3.0.8.jar;C:\Users\LC651EY\.m2\repository\org\codehaus\groovy\groovy-xml\3.0.8\groovy-xml-3.0.8.jar;C:\Users\LC651EY\.m2\repository\org\apache\httpcomponents\httpclient\4.5.13\httpclient-4.5.13.jar;C:\Users\LC651EY\.m2\repository\org\apache\httpcomponents\httpcore\4.4.13\httpcore-4.4.13.jar;C:\Users\LC651EY\.m2\repository\commons-logging\commons-logging\1.2\commons-logging-1.2.jar;C:\Users\LC651EY\.m2\repository\org\apache\httpcomponents\httpmime\4.5.13\httpmime-4.5.13.jar;C:\Users\LC651EY\.m2\repository\org\hamcrest\hamcrest\2.1\hamcrest-2.1.jar;C:\Users\LC651EY\.m2\repository\org\ccil\cowan\tagsoup\tagsoup\1.2.1\tagsoup-1.2.1.jar;C:\Users\LC651EY\.m2\repository\io\rest-assured\json-path\4.4.0\json-path-4.4.0.jar;C:\Users\LC651EY\.m2\repository\org\codehaus\groovy\groovy-json\3.0.8\groovy-json-3.0.8.jar;C:\Users\LC651EY\.m2\repository\io\rest-assured\rest-assured-common\4.4.0\rest-assured-common-4.4.0.jar;C:\Users\LC651EY\.m2\repository\io\rest-assured\xml-path\4.4.0\xml-path-4.4.0.jar;C:\Users\LC651EY\.m2\repository\org\apache\commons\commons-lang3\3.11\commons-lang3-3.11.jar;C:\Users\LC651EY\.m2\repository\jakarta\xml\bind\jakarta.xml.bind-api\2.3.3\jakarta.xml.bind-api-2.3.3.jar;C:\Users\LC651EY\.m2\repository\jakarta\activation\jakarta.activation-api\1.2.2\jakarta.activation-api-1.2.2.jar;C:\Users\LC651EY\.m2\repository\com\sun\xml\bind\jaxb-impl\2.3.3\jaxb-impl-2.3.3.jar;C:\Users\LC651EY\.m2\repository\org\testng\testng\7.6.1\testng-7.6.1.jar;C:\Users\LC651EY\.m2\repository\com\google\code\findbugs\jsr305\3.0.2\jsr305-3.0.2.jar;C:\Users\LC651EY\.m2\repository\org\slf4j\slf4j-api\1.7.36\slf4j-api-1.7.36.jar;C:\Users\LC651EY\.m2\repository\com\beust\jcommander\1.82\jcommander-1.82.jar;C:\Users\LC651EY\.m2\repository\org\webjars\jquery\3.6.0\jquery-3.6.0.jar;C:\Users\LC651EY\.m2\repository\org\apache\poi\poi-ooxml\5.2.2\poi-ooxml-5.2.2.jar;C:\Users\LC651EY\.m2\repository\org\apache\poi\poi-ooxml-lite\5.2.2\poi-ooxml-lite-5.2.2.jar;C:\Users\LC651EY\.m2\repository\org\apache\xmlbeans\xmlbeans\5.0.3\xmlbeans-5.0.3.jar;C:\Users\LC651EY\.m2\repository\org\apache\commons\commons-compress\1.21\commons-compress-1.21.jar;C:\Users\LC651EY\.m2\repository\commons-io\commons-io\2.11.0\commons-io-2.11.0.jar;C:\Users\LC651EY\.m2\repository\com\github\virtuald\curvesapi\1.07\curvesapi-1.07.jar;C:\Users\LC651EY\.m2\repository\org\apache\logging\log4j\log4j-api\2.17.2\log4j-api-2.17.2.jar;C:\Users\LC651EY\.m2\repository\org\apache\commons\commons-collections4\4.4\commons-collections4-4.4.jar;C:\Users\LC651EY\.m2\repository\org\apache\poi\poi\5.2.2\poi-5.2.2.jar;C:\Users\LC651EY\.m2\repository\commons-codec\commons-codec\1.15\commons-codec-1.15.jar;C:\Users\LC651EY\.m2\repository\org\apache\commons\commons-math3\3.6.1\commons-math3-3.6.1.jar;C:\Users\LC651EY\.m2\repository\com\zaxxer\SparseBitSet\1.2\SparseBitSet-1.2.jar;"/>
    <property name="sun.cpu.endian" value="little"/>
    <property name="user.home" value="C:\Users\LC651EY"/>
    <property name="user.language" value="en"/>
    <property name="java.specification.vendor" value="Oracle Corporation"/>
    <property name="java.version.date" value="2022-04-19"/>
    <property name="java.home" value="C:\Program Files\eclipse\plugins\org.eclipse.justj.openjdk.hotspot.jre.full.win32.x86_64_17.0.3.v20220515-1416\jre"/>
    <property name="file.separator" value="\"/>
    <property name="basedir" value="C:\Users\LC651EY\OneDrive - EY\Documents\workspace\sampleProj"/>
    <property name="java.vm.compressedOopsMode" value="Zero based"/>
    <property name="line.separator" value="&#10;"/>
    <property name="java.vm.specification.vendor" value="Oracle Corporation"/>
    <property name="java.specification.name" value="Java Platform API Specification"/>
    <property name="surefire.real.class.path" value="C:\Users\LC651EY\AppData\Local\Temp\surefire2992708356629752154\surefirebooter-20220826105601882_3.jar"/>
    <property name="user.script" value=""/>
    <property name="sun.management.compiler" value="HotSpot 64-Bit Tiered Compilers"/>
    <property name="java.runtime.version" value="17.0.3+7"/>
    <property name="user.name" value="LC651EY"/>
    <property name="path.separator" value=";"/>
    <property name="os.version" value="10.0"/>
    <property name="java.runtime.name" value="OpenJDK Runtime Environment"/>
    <property name="file.encoding" value="Cp1252"/>
    <property name="java.vm.name" value="OpenJDK 64-Bit Server VM"/>
    <property name="java.vendor.version" value="Temurin-17.0.3+7"/>
    <property name="localRepository" value="C:\Users\LC651EY\.m2\repository"/>
    <property name="java.vendor.url.bug" value="https://github.com/adoptium/adoptium-support/issues"/>
    <property name="java.io.tmpdir" value="C:\Users\LC651EY\AppData\Local\Temp\"/>
    <property name="java.version" value="17.0.3"/>
    <property name="user.dir" value="C:\Users\LC651EY\OneDrive - EY\Documents\workspace\sampleProj"/>
    <property name="os.arch" value="amd64"/>
    <property name="java.vm.specification.name" value="Java Virtual Machine Specification"/>
    <property name="sun.os.patch.level" value=""/>
    <property name="native.encoding" value="Cp1252"/>
    <property name="java.library.path" value="C:\Program Files\eclipse\plugins\org.eclipse.justj.openjdk.hotspot.jre.full.win32.x86_64_17.0.3.v20220515-1416\jre\bin;C:\Windows\Sun\Java\bin;C:\Windows\system32;C:\Windows;C:/Program Files/eclipse//plugins/org.eclipse.justj.openjdk.hotspot.jre.full.win32.x86_64_17.0.3.v20220515-1416/jre/bin/server;C:/Program Files/eclipse//plugins/org.eclipse.justj.openjdk.hotspot.jre.full.win32.x86_64_17.0.3.v20220515-1416/jre/bin;C:\Python310\Scripts\;C:\Python310\;C:\Program Files\Common Files\Oracle\Java\javapath;C:\Program Files\Java\jdk1.8.0_341\jre\bin;C:\Program Files\Java\jdk-11.0.16.1\bin;C:\Windows\system32;C:\Windows;C:\Windows\System32\Wbem;C:\Windows\System32\WindowsPowerShell\v1.0\;C:\Windows\System32\OpenSSH\;C:\Program Files (x86)\Riverbed\Steelhead Mobile\;C:\Program Files\1E\Client\Extensibility\NomadBranch;C:\Program Files (x86)\Common Files\Hitachi ID\;C:\Program Files\Common Files\Hitachi ID\;C:\Program Files\nodejs\;C:\ProgramData\chocolatey\bin;C:\Users\LC651EY\AppData\Local\Microsoft\WindowsApps;C:\Users\LC651EY\AppData\Roaming\npm;C:\Program Files\eclipse;;."/>
    <property name="java.vm.info" value="mixed mode"/>
    <property name="java.vendor" value="Eclipse Adoptium"/>
    <property name="java.vm.version" value="17.0.3+7"/>
    <property name="sun.io.unicode.encoding" value="UnicodeLittle"/>
    <property name="java.class.version" value="61.0"/>
  </properties>
  <testcase name="book" classname="sampleProjPack.addBook" time="2.369">
    <system-out><![CDATA[HTTP/1.1 200 OK
Date: Fri, 26 Aug 2022 05:26:05 GMT
Server: Apache/2.4.41 (Ubuntu)
Access-Control-Allow-Origin: *
Access-Control-Allow-Methods: POST
Access-Control-Max-Age: 3600
Access-Control-Allow-Headers: Content-Type, Access-Control-Allow-Headers, Authorization, X-Requested-With
Content-Length: 85
Keep-Alive: timeout=5, max=100
Connection: Keep-Alive
Content-Type: application/json;charset=UTF-8

{
    "Msg": "The Book with the entered Isbn and Aisle already Exists!!",
    "ID": "bcdhh9h227"
}
]]></system-out>
    <system-err><![CDATA[SLF4J: Failed to load class "org.slf4j.impl.StaticLoggerBinder".
SLF4J: Defaulting to no-operation (NOP) logger implementation
SLF4J: See http://www.slf4j.org/codes.html#StaticLoggerBinder for further details.
]]></system-err>
  </testcase>
  <testcase name="checkResponsetime" classname="sampleProjPack.addBook" time="0"/>
  <testcase name="checkCode" classname="sampleProjPack.sampleTest" time="0.394">
    <system-out><![CDATA[Request method:	GET
Request URI:	https://rahulshettyacademy.com/Library/GetBook.php?ID=3389
Proxy:			<none>
Request params:	<none>
Query params:	ID=3389
Form params:	<none>
Path params:	<none>
Headers:		Accept=*/*
Cookies:		<none>
Multiparts:		<none>
Body:			<none>
HTTP/1.1 200 OK
Date: Fri, 26 Aug 2022 05:26:06 GMT
Server: Apache/2.4.41 (Ubuntu)
Access-Control-Allow-Origin: *
Access-Control-Allow-Methods: POST
Access-Control-Max-Age: 3600
Access-Control-Allow-Headers: Content-Type, Access-Control-Allow-Headers, Authorization, X-Requested-With
Content-Length: 102
Keep-Alive: timeout=5, max=99
Connection: Keep-Alive
Content-Type: application/json;charset=UTF-8

[
    {
        "book_name": "Learn Appium Automation with Java",
        "isbn": "33",
        "aisle": "89",
        "author": "Kiran Chandran"
    }
]
]]></system-out>
  </testcase>
  <testcase name="testo" classname="sampleProjPack.sampleTest" time="0.3">
    <system-out><![CDATA[Request method:	GET
Request URI:	https://rahulshettyacademy.com/Library/GetBook.php?AuthorName=rahulshetty
Proxy:			<none>
Request params:	<none>
Query params:	AuthorName=rahulshetty
Form params:	<none>
Path params:	<none>
Headers:		Accept=*/*
Cookies:		<none>
Multiparts:		<none>
Body:			<none>
HTTP/1.1 200 OK
Date: Fri, 26 Aug 2022 05:26:06 GMT
Server: Apache/2.4.41 (Ubuntu)
Access-Control-Allow-Origin: *
Access-Control-Allow-Methods: POST
Access-Control-Max-Age: 3600
Access-Control-Allow-Headers: Content-Type, Access-Control-Allow-Headers, Authorization, X-Requested-With
Content-Length: 3611
Keep-Alive: timeout=5, max=98
Connection: Keep-Alive
Content-Type: application/json;charset=UTF-8

[
    {
        "book_name": "RobotFramework",
        "isbn": "984353",
        "aisle": "982053"
    },
    {
        "book_name": "RobotFramework",
        "isbn": "144353",
        "aisle": "982053"
    },
    {
        "book_name": "RobotFramework",
        "isbn": "122353",
        "aisle": "982053"
    },
    {
        "book_name": "RobotFramework",
        "isbn": "121353",
        "aisle": "982053"
    },
    {
        "book_name": "RobotFramework",
        "isbn": "121453",
        "aisle": "982053"
    },
    {
        "book_name": "RobotFramework",
        "isbn": "121456",
        "aisle": "982053"
    },
    {
        "book_name": "RobotFramework",
        "isbn": "121856",
        "aisle": "982053"
    },
    {
        "book_name": "RobotFramework",
        "isbn": "121856",
        "aisle": "992053"
    },
    {
        "book_name": "apitesting",
        "isbn": "982053",
        "aisle": "324353"
    },
    {
        "book_name": "robotframework",
        "isbn": "981053",
        "aisle": "321353"
    },
    {
        "book_name": "robotframework",
        "isbn": "981083",
        "aisle": "321359"
    },
    {
        "book_name": "robotframework",
        "isbn": "981081",
        "aisle": "321352"
    },
    {
        "book_name": "robotframework",
        "isbn": "981082",
        "aisle": "321353"
    },
    {
        "book_name": "robotframework",
        "isbn": "9810810",
        "aisle": "321325"
    },
    {
        "book_name": "robotframework",
        "isbn": "981",
        "aisle": "321"
    },
    {
        "book_name": "robotframework",
        "isbn": "983",
        "aisle": "331"
    },
    {
        "book_name": "robotframework",
        "isbn": "9789",
        "aisle": "1"
    },
    {
        "book_name": "robotframework",
        "isbn": "2",
        "aisle": "3"
    },
    {
        "book_name": "RobotFramework",
        "isbn": "3",
        "aisle": "4"
    },
    {
        "book_name": "RobotFramework",
        "isbn": "4",
        "aisle": "5"
    },
    {
        "book_name": "RobotFramework",
        "isbn": "9852",
        "aisle": "324353"
    },
    {
        "book_name": "Hello",
        "isbn": "947303",
        "aisle": "324534"
    },
    {
        "book_name": "RobotFramework",
        "isbn": "983456",
        "aisle": "654546"
    },
    {
        "book_name": "RobotFramework",
        "isbn": "983456",
        "aisle": "634546"
    },
    {
        "book_name": "RobotFramework",
        "isbn": "983456",
        "aisle": "632646"
    },
    {
        "book_name": "RobotFramework",
        "isbn": "983456",
        "aisle": "632846"
    },
    {
        "book_name": "RobotFramework",
        "isbn": "983456",
        "aisle": "732846"
    },
    {
        "book_name": "RobotFramework",
        "isbn": "984366",
        "aisle": "324353"
    },
    {
        "book_name": "RobotFramework",
        "isbn": "985466",
        "aisle": "324353"
    },
    {
        "book_name": "postman",
        "isbn": "RS83",
        "aisle": "234"
    },
    {
        "book_name": "RobotFramework",
        "isbn": "98787",
        "aisle": "76763"
    },
    {
        "book_name": "Learn Appium Automation with Java1",
        "isbn": "RS415",
        "aisle": "872988"
    },
    {
        "book_name": "Learn Appium Automation with Java1",
        "isbn": "RS700",
        "aisle": "872988"
    },
    {
        "book_name": "Learn Appium Automation with Java1",
        "isbn": "RS611",
        "aisle": "872988"
    },
    {
        "book_name": "RobotFramework",
        "isbn": "94556",
        "aisle": "34432"
    },
    {
        "book_name": "RobotFramework",
        "isbn": "5678",
        "aisle": "5789"
    },
    {
        "book_name": "RobotFramework",
        "isbn": "5978",
        "aisle": "5789"
    },
    {
        "book_name": "RobotFramework",
        "isbn": "5978",
        "aisle": "5889"
    },
    {
        "book_name": "RobotFramework",
        "isbn": "59789",
        "aisle": "5889"
    },
    {
        "book_name": "RobotFramework",
        "isbn": "597896",
        "aisle": "5889"
    },
    {
        "book_name": "RobotFramework",
        "isbn": "597897",
        "aisle": "5889"
    },
    {
        "book_name": "RobotFramework",
        "isbn": "5978727",
        "aisle": "5889"
    },
    {
        "book_name": "RobotFramework",
        "isbn": "94557",
        "aisle": "34432"
    },
    {
        "book_name": "RobotFramework",
        "isbn": "94558",
        "aisle": "34432"
    },
    {
        "book_name": "RobotFramework",
        "isbn": "94559",
        "aisle": "34432"
    },
    {
        "book_name": "RobotFramework",
        "isbn": "94566",
        "aisle": "34432"
    },
    {
        "book_name": "RobotFramework",
        "isbn": "94569",
        "aisle": "34437"
    },
    {
        "book_name": "RobotFramework",
        "isbn": "94570",
        "aisle": "34445"
    },
    {
        "book_name": "RobotFramework",
        "isbn": "945733",
        "aisle": "344452"
    },
    {
        "book_name": "RobotFramework",
        "isbn": "945766",
        "aisle": "344464"
    },
    {
        "book_name": "RobotFramework",
        "isbn": "945",
        "aisle": "344"
    },
    {
        "book_name": "RobotFramework",
        "isbn": "946",
        "aisle": "345"
    },
    {
        "book_name": "RobotFramework",
        "isbn": "946",
        "aisle": "347"
    },
    {
        "book_name": "RobotFramework",
        "isbn": "946",
        "aisle": "349"
    },
    {
        "book_name": "RobotFramework",
        "isbn": "948",
        "aisle": "349"
    },
    {
        "book_name": "RobotFramework",
        "isbn": "948",
        "aisle": "377"
    },
    {
        "book_name": "RobotFramework",
        "isbn": "948",
        "aisle": "388"
    },
    {
        "book_name": "RobotFramework",
        "isbn": "948",
        "aisle": "399"
    }
]
]]></system-out>
  </testcase>
</testsuite>