<?xml version="1.0" encoding="UTF-8"?>
<!-- Generated by org.testng.reporters.JUnitReportReporter -->
<testsuite hostname="IN3338598W1" failures="0" tests="2" name="sampleProjPack.sampleTest" time="0.754" errors="0" timestamp="2022-08-26T10:44:00 IST" skipped="0">
  <testcase classname="sampleProjPack.sampleTest" name="checkCode" time="0.403"/>
  <system-out/>
  <testcase classname="sampleProjPack.sampleTest" name="testo" time="0.351"/>
  <system-out/>
</testsuite> <!-- sampleProjPack.sampleTest -->
