<?xml version="1.0" encoding="UTF-8"?>
<!-- Generated by org.testng.reporters.JUnitReportReporter -->
<testsuite hostname="IN3338598W1" failures="0" tests="2" name="sampleProjPack.sampleTest" time="0.692" errors="0" timestamp="2022-08-26T10:56:07 IST" skipped="0">
  <testcase classname="sampleProjPack.sampleTest" name="checkCode" time="0.393"/>
  <system-out/>
  <testcase classname="sampleProjPack.sampleTest" name="testo" time="0.299"/>
  <system-out/>
</testsuite> <!-- sampleProjPack.sampleTest -->
