<?xml version="1.0" encoding="UTF-8"?>
<!-- Generated by org.testng.reporters.JUnitReportReporter -->
<testsuite hostname="IN3338598W1" failures="0" tests="2" name="sampleProjPack.addBook" time="2.368" errors="0" timestamp="2022-08-26T10:56:07 IST" skipped="0">
  <testcase classname="sampleProjPack.addBook" name="checkResponsetime" time="0.000"/>
  <system-out/>
  <testcase classname="sampleProjPack.addBook" name="book" time="2.368"/>
  <system-out/>
</testsuite> <!-- sampleProjPack.addBook -->
